
2018-11-20 11:08:55 Commons Daemon procrun stderr initialized
20-Nov-2018 11:08:57.084 INFO [main] org.apache.catalina.startup.VersionLoggerListener.log Server version:        Apache Tomcat/9.0.13
20-Nov-2018 11:08:57.089 INFO [main] org.apache.catalina.startup.VersionLoggerListener.log Server built:          Nov 2 2018 14:27:55 UTC
20-Nov-2018 11:08:57.089 INFO [main] org.apache.catalina.startup.VersionLoggerListener.log Server number:         9.0.13.0
20-Nov-2018 11:08:57.089 INFO [main] org.apache.catalina.startup.VersionLoggerListener.log OS Name:               Windows 10
20-Nov-2018 11:08:57.095 INFO [main] org.apache.catalina.startup.VersionLoggerListener.log OS Version:            10.0
20-Nov-2018 11:08:57.096 INFO [main] org.apache.catalina.startup.VersionLoggerListener.log Architecture:          amd64
20-Nov-2018 11:08:57.111 INFO [main] org.apache.catalina.startup.VersionLoggerListener.log Java Home:             C:\Program Files\Java\jre1.8.0_191
20-Nov-2018 11:08:57.111 INFO [main] org.apache.catalina.startup.VersionLoggerListener.log JVM Version:           1.8.0_191-b12
20-Nov-2018 11:08:57.112 INFO [main] org.apache.catalina.startup.VersionLoggerListener.log JVM Vendor:            Oracle Corporation
20-Nov-2018 11:08:57.112 INFO [main] org.apache.catalina.startup.VersionLoggerListener.log CATALINA_BASE:         C:\Users\tr_lnd_user\software\tomcat9
20-Nov-2018 11:08:57.112 INFO [main] org.apache.catalina.startup.VersionLoggerListener.log CATALINA_HOME:         C:\Users\tr_lnd_user\software\tomcat9
20-Nov-2018 11:08:57.112 INFO [main] org.apache.catalina.startup.VersionLoggerListener.log Command line argument: -Dcatalina.home=C:\Users\tr_lnd_user\software\tomcat9
20-Nov-2018 11:08:57.112 INFO [main] org.apache.catalina.startup.VersionLoggerListener.log Command line argument: -Dcatalina.base=C:\Users\tr_lnd_user\software\tomcat9
20-Nov-2018 11:08:57.112 INFO [main] org.apache.catalina.startup.VersionLoggerListener.log Command line argument: -Djava.io.tmpdir=C:\Users\tr_lnd_user\software\tomcat9\temp
20-Nov-2018 11:08:57.112 INFO [main] org.apache.catalina.startup.VersionLoggerListener.log Command line argument: -Djava.util.logging.manager=org.apache.juli.ClassLoaderLogManager
20-Nov-2018 11:08:57.112 INFO [main] org.apache.catalina.startup.VersionLoggerListener.log Command line argument: -Djava.util.logging.config.file=C:\Users\tr_lnd_user\software\tomcat9\conf\logging.properties
20-Nov-2018 11:08:57.112 INFO [main] org.apache.catalina.startup.VersionLoggerListener.log Command line argument: exit
20-Nov-2018 11:08:57.113 INFO [main] org.apache.catalina.startup.VersionLoggerListener.log Command line argument: abort
20-Nov-2018 11:08:57.113 INFO [main] org.apache.catalina.startup.VersionLoggerListener.log Command line argument: -Xms128m
20-Nov-2018 11:08:57.113 INFO [main] org.apache.catalina.startup.VersionLoggerListener.log Command line argument: -Xmx256m
20-Nov-2018 11:08:57.113 INFO [main] org.apache.catalina.core.AprLifecycleListener.lifecycleEvent The APR based Apache Tomcat Native library which allows optimal performance in production environments was not found on the java.library.path: [C:\Users\tr_lnd_user\software\tomcat9\bin;C:\WINDOWS\Sun\Java\bin;C:\WINDOWS\system32;C:\WINDOWS;C:\Program Files (x86)\Common Files\Oracle\Java\javapath;C:\Windows\System32\WindowsPowerShell\v1.0\;C:\Java\jdk-8u25\bin;C:\Java\apache-maven-3.2.1\bin;C:\Java\tools\sonarqube-runner-2.4\bin;C:\Java\mysql-5.5.10\bin;C:\Java\tools\git-1.9.2\bin;C:\ProgramData\Oracle\Java\javapath;C:\Windows\system32;C:\Windows;C:\Windows\System32\Wbem;C:\WINDOWS\system32;C:\WINDOWS;C:\WINDOWS\System32\Wbem;C:\WINDOWS\System32\WindowsPowerShell\v1.0\;C:\Program Files (x86)\Symantec\VIP Access Client\;C:\WINDOWS\System32\OpenSSH\;C:\Program Files\Git\cmd;C:\Program Files\Microsoft VS Code\bin;C:\Program Files\nodejs\;C:\Program Files\Java\jdk-11.0.1\bin;C:\WINDOWS\system32\config\systemprofile\AppData\Local\Microsoft\WindowsApps;.]
20-Nov-2018 11:08:57.337 INFO [main] org.apache.coyote.AbstractProtocol.init Initializing ProtocolHandler ["http-nio-8080"]
20-Nov-2018 11:08:57.550 INFO [main] org.apache.tomcat.util.net.NioSelectorPool.getSharedSelector Using a shared selector for servlet write/read
20-Nov-2018 11:08:57.569 INFO [main] org.apache.coyote.AbstractProtocol.init Initializing ProtocolHandler ["ajp-nio-8009"]
20-Nov-2018 11:08:57.577 INFO [main] org.apache.tomcat.util.net.NioSelectorPool.getSharedSelector Using a shared selector for servlet write/read
20-Nov-2018 11:08:57.577 INFO [main] org.apache.catalina.startup.Catalina.load Initialization processed in 1145 ms
20-Nov-2018 11:08:57.634 INFO [main] org.apache.catalina.core.StandardService.startInternal Starting service [Catalina]
20-Nov-2018 11:08:57.634 INFO [main] org.apache.catalina.core.StandardEngine.startInternal Starting Servlet Engine: Apache Tomcat/9.0.13
20-Nov-2018 11:08:57.662 INFO [main] org.apache.catalina.startup.HostConfig.deployDirectory Deploying web application directory [C:\Users\tr_lnd_user\software\tomcat9\webapps\docs]
20-Nov-2018 11:08:58.163 INFO [main] org.apache.catalina.startup.HostConfig.deployDirectory Deployment of web application directory [C:\Users\tr_lnd_user\software\tomcat9\webapps\docs] has finished in [500] ms
20-Nov-2018 11:08:58.164 INFO [main] org.apache.catalina.startup.HostConfig.deployDirectory Deploying web application directory [C:\Users\tr_lnd_user\software\tomcat9\webapps\host-manager]
20-Nov-2018 11:08:58.229 INFO [main] org.apache.catalina.startup.HostConfig.deployDirectory Deployment of web application directory [C:\Users\tr_lnd_user\software\tomcat9\webapps\host-manager] has finished in [64] ms
20-Nov-2018 11:08:58.230 INFO [main] org.apache.catalina.startup.HostConfig.deployDirectory Deploying web application directory [C:\Users\tr_lnd_user\software\tomcat9\webapps\manager]
20-Nov-2018 11:08:58.273 INFO [main] org.apache.catalina.startup.HostConfig.deployDirectory Deployment of web application directory [C:\Users\tr_lnd_user\software\tomcat9\webapps\manager] has finished in [44] ms
20-Nov-2018 11:08:58.274 INFO [main] org.apache.catalina.startup.HostConfig.deployDirectory Deploying web application directory [C:\Users\tr_lnd_user\software\tomcat9\webapps\ROOT]
20-Nov-2018 11:08:58.320 INFO [main] org.apache.catalina.startup.HostConfig.deployDirectory Deployment of web application directory [C:\Users\tr_lnd_user\software\tomcat9\webapps\ROOT] has finished in [46] ms
20-Nov-2018 11:08:58.327 INFO [main] org.apache.coyote.AbstractProtocol.start Starting ProtocolHandler ["http-nio-8080"]
20-Nov-2018 11:08:58.343 INFO [main] org.apache.coyote.AbstractProtocol.start Starting ProtocolHandler ["ajp-nio-8009"]
20-Nov-2018 11:08:58.348 INFO [main] org.apache.catalina.startup.Catalina.start Server startup in 770 ms
20-Nov-2018 11:09:39.853 INFO [Thread-6] org.apache.coyote.AbstractProtocol.pause Pausing ProtocolHandler ["http-nio-8080"]
20-Nov-2018 11:09:40.126 INFO [Thread-6] org.apache.coyote.AbstractProtocol.pause Pausing ProtocolHandler ["ajp-nio-8009"]
20-Nov-2018 11:09:40.246 INFO [Thread-6] org.apache.catalina.core.StandardService.stopInternal Stopping service [Catalina]
20-Nov-2018 11:09:40.281 INFO [Thread-6] org.apache.coyote.AbstractProtocol.stop Stopping ProtocolHandler ["http-nio-8080"]
20-Nov-2018 11:09:40.287 INFO [Thread-6] org.apache.coyote.AbstractProtocol.stop Stopping ProtocolHandler ["ajp-nio-8009"]
