!SESSION 2018-11-20 10:14:03.720 -----------------------------------------------
eclipse.buildId=4.9.0.I20180906-0745
java.version=1.8.0_191
java.vendor=Oracle Corporation
BootLoader constants: OS=win32, ARCH=x86_64, WS=win32, NL=en_US
Framework arguments:  -product org.eclipse.epp.package.jee.product
Command-line arguments:  -os win32 -ws win32 -arch x86_64 -product org.eclipse.epp.package.jee.product

!ENTRY org.eclipse.osgi 4 0 2018-11-20 10:14:53.273
!MESSAGE Application error
!STACK 1
java.lang.UnsatisfiedLinkError: Cannot load 64-bit SWT libraries on 32-bit JVM
	at org.eclipse.swt.internal.Library.loadLibrary(Library.java:262)
	at org.eclipse.swt.internal.Library.loadLibrary(Library.java:242)
	at org.eclipse.swt.internal.C.<clinit>(C.java:19)
	at org.eclipse.swt.widgets.Display.<clinit>(Display.java:142)
	at org.eclipse.ui.internal.Workbench.createDisplay(Workbench.java:733)
	at org.eclipse.ui.PlatformUI.createDisplay(PlatformUI.java:163)
	at org.eclipse.ui.internal.ide.application.IDEApplication.createDisplay(IDEApplication.java:185)
	at org.eclipse.ui.internal.ide.application.IDEApplication.start(IDEApplication.java:128)
	at org.eclipse.equinox.internal.app.EclipseAppHandle.run(EclipseAppHandle.java:199)
	at org.eclipse.core.runtime.internal.adaptor.EclipseAppLauncher.runApplication(EclipseAppLauncher.java:137)
	at org.eclipse.core.runtime.internal.adaptor.EclipseAppLauncher.start(EclipseAppLauncher.java:107)
	at org.eclipse.core.runtime.adaptor.EclipseStarter.run(EclipseStarter.java:391)
	at org.eclipse.core.runtime.adaptor.EclipseStarter.run(EclipseStarter.java:246)
	at sun.reflect.NativeMethodAccessorImpl.invoke0(Native Method)
	at sun.reflect.NativeMethodAccessorImpl.invoke(Unknown Source)
	at sun.reflect.DelegatingMethodAccessorImpl.invoke(Unknown Source)
	at java.lang.reflect.Method.invoke(Unknown Source)
	at org.eclipse.equinox.launcher.Main.invokeFramework(Main.java:659)
	at org.eclipse.equinox.launcher.Main.basicRun(Main.java:595)
	at org.eclipse.equinox.launcher.Main.run(Main.java:1501)
	at org.eclipse.equinox.launcher.Main.main(Main.java:1474)
!SESSION 2018-11-20 10:14:03.720 -----------------------------------------------
eclipse.buildId=4.9.0.I20180906-0745
java.version=1.8.0_191
java.vendor=Oracle Corporation
BootLoader constants: OS=win32, ARCH=x86_64, WS=win32, NL=en_US
Framework arguments:  -product org.eclipse.epp.package.jee.product
Command-line arguments:  -os win32 -ws win32 -arch x86_64 -product org.eclipse.epp.package.jee.product

!ENTRY org.eclipse.equinox.p2.reconciler.dropins 4 0 2018-11-20 10:15:05.847
!MESSAGE FrameworkEvent ERROR
!STACK 0
org.osgi.framework.BundleException: Exception in org.eclipse.equinox.internal.p2.reconciler.dropins.Activator.start() of bundle org.eclipse.equinox.p2.reconciler.dropins.
	at org.eclipse.osgi.internal.framework.BundleContextImpl.startActivator(BundleContextImpl.java:803)
	at org.eclipse.osgi.internal.framework.BundleContextImpl.start(BundleContextImpl.java:732)
	at org.eclipse.osgi.internal.framework.EquinoxBundle.startWorker0(EquinoxBundle.java:1005)
	at org.eclipse.osgi.internal.framework.EquinoxBundle$EquinoxModule.startWorker(EquinoxBundle.java:357)
	at org.eclipse.osgi.container.Module.doStart(Module.java:584)
	at org.eclipse.osgi.container.Module.start(Module.java:452)
	at org.eclipse.osgi.container.ModuleContainer$ContainerStartLevel.incStartLevel(ModuleContainer.java:1685)
	at org.eclipse.osgi.container.ModuleContainer$ContainerStartLevel.incStartLevel(ModuleContainer.java:1665)
	at org.eclipse.osgi.container.ModuleContainer$ContainerStartLevel.doContainerStartLevel(ModuleContainer.java:1627)
	at org.eclipse.osgi.container.ModuleContainer$ContainerStartLevel.dispatchEvent(ModuleContainer.java:1558)
	at org.eclipse.osgi.container.ModuleContainer$ContainerStartLevel.dispatchEvent(ModuleContainer.java:1)
	at org.eclipse.osgi.framework.eventmgr.EventManager.dispatchEvent(EventManager.java:233)
	at org.eclipse.osgi.framework.eventmgr.EventManager$EventThread.run(EventManager.java:343)
Caused by: java.lang.IllegalStateException: Profile epp.package.jee is not current. Expected timestamp 0 but was 0.
	at org.eclipse.equinox.internal.p2.engine.SimpleProfileRegistry.lockProfile(SimpleProfileRegistry.java:879)
	at org.eclipse.equinox.internal.p2.engine.Engine.perform(Engine.java:72)
	at org.eclipse.equinox.internal.p2.engine.Engine.perform(Engine.java:48)
	at org.eclipse.equinox.internal.p2.reconciler.dropins.ProfileSynchronizer.executePlan(ProfileSynchronizer.java:798)
	at org.eclipse.equinox.internal.p2.reconciler.dropins.ProfileSynchronizer.performAddRemove(ProfileSynchronizer.java:205)
	at org.eclipse.equinox.internal.p2.reconciler.dropins.ProfileSynchronizer.synchronize(ProfileSynchronizer.java:144)
	at org.eclipse.equinox.internal.p2.reconciler.dropins.Activator.synchronize(Activator.java:448)
	at org.eclipse.equinox.internal.p2.reconciler.dropins.Activator.start(Activator.java:179)
	at org.eclipse.osgi.internal.framework.BundleContextImpl$3.run(BundleContextImpl.java:782)
	at org.eclipse.osgi.internal.framework.BundleContextImpl$3.run(BundleContextImpl.java:1)
	at java.security.AccessController.doPrivileged(Native Method)
	at org.eclipse.osgi.internal.framework.BundleContextImpl.startActivator(BundleContextImpl.java:775)
	... 12 more
Root exception:
java.lang.IllegalStateException: Profile epp.package.jee is not current. Expected timestamp 0 but was 0.
	at org.eclipse.equinox.internal.p2.engine.SimpleProfileRegistry.lockProfile(SimpleProfileRegistry.java:879)
	at org.eclipse.equinox.internal.p2.engine.Engine.perform(Engine.java:72)
	at org.eclipse.equinox.internal.p2.engine.Engine.perform(Engine.java:48)
	at org.eclipse.equinox.internal.p2.reconciler.dropins.ProfileSynchronizer.executePlan(ProfileSynchronizer.java:798)
	at org.eclipse.equinox.internal.p2.reconciler.dropins.ProfileSynchronizer.performAddRemove(ProfileSynchronizer.java:205)
	at org.eclipse.equinox.internal.p2.reconciler.dropins.ProfileSynchronizer.synchronize(ProfileSynchronizer.java:144)
	at org.eclipse.equinox.internal.p2.reconciler.dropins.Activator.synchronize(Activator.java:448)
	at org.eclipse.equinox.internal.p2.reconciler.dropins.Activator.start(Activator.java:179)
	at org.eclipse.osgi.internal.framework.BundleContextImpl$3.run(BundleContextImpl.java:782)
	at org.eclipse.osgi.internal.framework.BundleContextImpl$3.run(BundleContextImpl.java:1)
	at java.security.AccessController.doPrivileged(Native Method)
	at org.eclipse.osgi.internal.framework.BundleContextImpl.startActivator(BundleContextImpl.java:775)
	at org.eclipse.osgi.internal.framework.BundleContextImpl.start(BundleContextImpl.java:732)
	at org.eclipse.osgi.internal.framework.EquinoxBundle.startWorker0(EquinoxBundle.java:1005)
	at org.eclipse.osgi.internal.framework.EquinoxBundle$EquinoxModule.startWorker(EquinoxBundle.java:357)
	at org.eclipse.osgi.container.Module.doStart(Module.java:584)
	at org.eclipse.osgi.container.Module.start(Module.java:452)
	at org.eclipse.osgi.container.ModuleContainer$ContainerStartLevel.incStartLevel(ModuleContainer.java:1685)
	at org.eclipse.osgi.container.ModuleContainer$ContainerStartLevel.incStartLevel(ModuleContainer.java:1665)
	at org.eclipse.osgi.container.ModuleContainer$ContainerStartLevel.doContainerStartLevel(ModuleContainer.java:1627)
	at org.eclipse.osgi.container.ModuleContainer$ContainerStartLevel.dispatchEvent(ModuleContainer.java:1558)
	at org.eclipse.osgi.container.ModuleContainer$ContainerStartLevel.dispatchEvent(ModuleContainer.java:1)
	at org.eclipse.osgi.framework.eventmgr.EventManager.dispatchEvent(EventManager.java:233)
	at org.eclipse.osgi.framework.eventmgr.EventManager$EventThread.run(EventManager.java:343)

!ENTRY org.eclipse.osgi 4 0 2018-11-20 10:15:06.114
!MESSAGE Application error
!STACK 1
java.lang.UnsatisfiedLinkError: Cannot load 64-bit SWT libraries on 32-bit JVM
	at org.eclipse.swt.internal.Library.loadLibrary(Library.java:262)
	at org.eclipse.swt.internal.Library.loadLibrary(Library.java:242)
	at org.eclipse.swt.internal.C.<clinit>(C.java:19)
	at org.eclipse.swt.widgets.Display.<clinit>(Display.java:142)
	at org.eclipse.ui.internal.Workbench.createDisplay(Workbench.java:733)
	at org.eclipse.ui.PlatformUI.createDisplay(PlatformUI.java:163)
	at org.eclipse.ui.internal.ide.application.IDEApplication.createDisplay(IDEApplication.java:185)
	at org.eclipse.ui.internal.ide.application.IDEApplication.start(IDEApplication.java:128)
	at org.eclipse.equinox.internal.app.EclipseAppHandle.run(EclipseAppHandle.java:199)
	at org.eclipse.core.runtime.internal.adaptor.EclipseAppLauncher.runApplication(EclipseAppLauncher.java:137)
	at org.eclipse.core.runtime.internal.adaptor.EclipseAppLauncher.start(EclipseAppLauncher.java:107)
	at org.eclipse.core.runtime.adaptor.EclipseStarter.run(EclipseStarter.java:391)
	at org.eclipse.core.runtime.adaptor.EclipseStarter.run(EclipseStarter.java:246)
	at sun.reflect.NativeMethodAccessorImpl.invoke0(Native Method)
	at sun.reflect.NativeMethodAccessorImpl.invoke(Unknown Source)
	at sun.reflect.DelegatingMethodAccessorImpl.invoke(Unknown Source)
	at java.lang.reflect.Method.invoke(Unknown Source)
	at org.eclipse.equinox.launcher.Main.invokeFramework(Main.java:659)
	at org.eclipse.equinox.launcher.Main.basicRun(Main.java:595)
	at org.eclipse.equinox.launcher.Main.run(Main.java:1501)
	at org.eclipse.equinox.launcher.Main.main(Main.java:1474)
